<?xml version="1.0" encoding="UTF-8"?>
<testsuite name="TestParser" tests="6" skipped="0" failures="0" errors="0" timestamp="2026-04-11T18:33:23" hostname="LAPTOP-ABV24B0R" time="0.001">
  <properties/>
  <testcase name="testCollPoint" classname="TestParser" time="0.0"/>
  <testcase name="testFunCopyPointsWithFor" classname="TestParser" time="0.001"/>
  <testcase name="testFunSquare" classname="TestParser" time="0.0"/>
  <testcase name="testFinalLiteralsAllTypes" classname="TestParser" time="0.0"/>
  <testcase name="testFinalIntVar" classname="TestParser" time="0.0"/>
  <testcase name="testCollPerson" classname="TestParser" time="0.0"/>
  <system-out><![CDATA[]]></system-out>
  <system-err><![CDATA[]]></system-err>
</testsuite>
