<?xml version="1.0" encoding="UTF-8"?>
<testsuite name="TestSemanticAnalysis" tests="31" skipped="0" failures="0" errors="0" timestamp="2026-04-11T18:33:23" hostname="LAPTOP-ABV24B0R" time="0.079">
  <properties/>
  <testcase name="testMissingConditionError_whileWithString" classname="TestSemanticAnalysis" time="0.041"/>
  <testcase name="testMissingConditionError_ifWithInt" classname="TestSemanticAnalysis" time="0.001"/>
  <testcase name="testTypeError_assignBoolToFloat" classname="TestSemanticAnalysis" time="0.007"/>
  <testcase name="testArgumentError_tooManyArgs" classname="TestSemanticAnalysis" time="0.006"/>
  <testcase name="testReturnError_returnStringWhereIntExpected" classname="TestSemanticAnalysis" time="0.0"/>
  <testcase name="testCollectionError_noError_valid" classname="TestSemanticAnalysis" time="0.002"/>
  <testcase name="testOperatorError_logicalOnInt" classname="TestSemanticAnalysis" time="0.001"/>
  <testcase name="testValid_forLoop" classname="TestSemanticAnalysis" time="0.0"/>
  <testcase name="testOperatorError_addIntAndBool" classname="TestSemanticAnalysis" time="0.0"/>
  <testcase name="testScopeError_noError_variableVisibleInNestedBlock" classname="TestSemanticAnalysis" time="0.0"/>
  <testcase name="testReturnError_returnInVoidFunction" classname="TestSemanticAnalysis" time="0.0"/>
  <testcase name="testOperatorError_noError_intArithmetic" classname="TestSemanticAnalysis" time="0.0"/>
  <testcase name="testArgumentError_tooFewArgs" classname="TestSemanticAnalysis" time="0.0"/>
  <testcase name="testScopeError_undeclaredVariable" classname="TestSemanticAnalysis" time="0.0"/>
  <testcase name="testCollectionError_reservedTypeName" classname="TestSemanticAnalysis" time="0.001"/>
  <testcase name="testTypeError_noError_intToFloat" classname="TestSemanticAnalysis" time="0.001"/>
  <testcase name="testArgumentError_wrongParamType" classname="TestSemanticAnalysis" time="0.009"/>
  <testcase name="testReturnError_noError_correctReturn" classname="TestSemanticAnalysis" time="0.0"/>
  <testcase name="testArgumentError_noError_correctCall" classname="TestSemanticAnalysis" time="0.0"/>
  <testcase name="testOperatorError_unaryMinusOnBool" classname="TestSemanticAnalysis" time="0.001"/>
  <testcase name="testScopeError_noError_shadowingAllowed" classname="TestSemanticAnalysis" time="0.0"/>
  <testcase name="testTypeError_assignStringToInt" classname="TestSemanticAnalysis" time="0.0"/>
  <testcase name="testMissingConditionError_whileWithFloat" classname="TestSemanticAnalysis" time="0.001"/>
  <testcase name="testCollectionError_duplicate" classname="TestSemanticAnalysis" time="0.001"/>
  <testcase name="testReturnError_wrongReturnType" classname="TestSemanticAnalysis" time="0.0"/>
  <testcase name="testScopeError_variableOutOfScope" classname="TestSemanticAnalysis" time="0.0"/>
  <testcase name="testTypeError_assignIntToString" classname="TestSemanticAnalysis" time="0.0"/>
  <testcase name="testScopeError_duplicateDeclarationInSameScope" classname="TestSemanticAnalysis" time="0.0"/>
  <testcase name="testValid_fullProgram" classname="TestSemanticAnalysis" time="0.001"/>
  <testcase name="testMissingConditionError_noError_boolCondition" classname="TestSemanticAnalysis" time="0.0"/>
  <testcase name="testOperatorError_mulStringAndInt" classname="TestSemanticAnalysis" time="0.0"/>
  <system-out><![CDATA[]]></system-out>
  <system-err><![CDATA[]]></system-err>
</testsuite>
